borreauxapp/build/app/intermediates/manifest_merge_blame_file/debug/manifest-merger-blame-debug-report.txt
1<?xml version="1.0" encoding="utf-8"?>
2<manifest xmlns:android="http://schemas.android.com/apk/res/android"
3    package="com.example.borreauxapp"
4    android:versionCode="1"
5    android:versionName="1.0.0" >
6
7    <uses-sdk
8        android:minSdkVersion="20"
9        android:targetSdkVersion="30" />
10    <!--
11         Flutter needs it to communicate with the running application
12         to allow setting breakpoints, to provide hot reload, etc.
13    -->
14    <uses-permission android:name="android.permission.INTERNET" />
14-->src/debug/AndroidManifest.xml:6:5-66
14-->src/debug/AndroidManifest.xml:6:22-64
15    <uses-permission android:name="android.permission.CAMERA" />
15-->[:flutter_barcode_scanner] AndroidManifest.xml:9:5-65
15-->[:flutter_barcode_scanner] AndroidManifest.xml:9:22-62
16
17    <uses-feature android:name="android.hardware.camera" />
17-->[:flutter_barcode_scanner] AndroidManifest.xml:11:5-60
17-->[:flutter_barcode_scanner] AndroidManifest.xml:11:19-57
18
19    <uses-permission android:name="android.permission.FLASHLIGHT" /> <!-- Include required permissions for Google Maps API to run. -->
19-->[:flutter_barcode_scanner] AndroidManifest.xml:13:5-69
19-->[:flutter_barcode_scanner] AndroidManifest.xml:13:22-66
20    <uses-permission android:name="android.permission.ACCESS_NETWORK_STATE" />
20-->[com.google.android.gms:play-services-maps:17.0.0] AndroidManifest.xml:23:5-79
20-->[com.google.android.gms:play-services-maps:17.0.0] AndroidManifest.xml:23:22-76
21
22    <uses-feature
22-->[com.google.android.gms:play-services-maps:17.0.0] AndroidManifest.xml:26:5-28:35
23        android:glEsVersion="0x00020000"
23-->[com.google.android.gms:play-services-maps:17.0.0] AndroidManifest.xml:27:9-41
24        android:required="true" />
24-->[com.google.android.gms:play-services-maps:17.0.0] AndroidManifest.xml:28:9-32
25
26    <application
26-->src/main/AndroidManifest.xml:3:4-43:19
27        android:name="androidx.multidex.MultiDexApplication"
28        android:appComponentFactory="androidx.core.app.CoreComponentFactory"
28-->[androidx.core:core:1.3.1] AndroidManifest.xml:24:18-86
29        android:debuggable="true"
30        android:icon="@mipmap/ic_launcher"
30-->src/main/AndroidManifest.xml:5:9-43
31        android:label="borreauxapp"
31-->src/main/AndroidManifest.xml:4:9-36
32        android:largeHeap="true"
32-->[:flutter_barcode_scanner] AndroidManifest.xml:16:9-33
33        android:theme="@style/Theme.AppCompat.NoActionBar" >
33-->[:flutter_barcode_scanner] AndroidManifest.xml:17:9-59
34        <activity
34-->src/main/AndroidManifest.xml:6:9-34:20
35            android:name="com.example.borreauxapp.MainActivity"
35-->src/main/AndroidManifest.xml:7:13-41
36            android:configChanges="orientation|keyboardHidden|keyboard|screenSize|smallestScreenSize|locale|layoutDirection|fontScale|screenLayout|density|uiMode"
36-->src/main/AndroidManifest.xml:10:13-163
37            android:hardwareAccelerated="true"
37-->src/main/AndroidManifest.xml:11:13-47
38            android:launchMode="singleTop"
38-->src/main/AndroidManifest.xml:8:13-43
39            android:theme="@style/LaunchTheme"
39-->src/main/AndroidManifest.xml:9:13-47
40            android:windowSoftInputMode="adjustResize" >
40-->src/main/AndroidManifest.xml:12:13-55
41
42            <!--
43                 Specifies an Android theme to apply to this Activity as soon as
44                 the Android process has started. This theme is visible to the user
45                 while the Flutter UI initializes. After that, this theme continues
46                 to determine the Window background behind the Flutter UI.
47            -->
48            <meta-data
48-->src/main/AndroidManifest.xml:17:13-20:17
49                android:name="io.flutter.embedding.android.NormalTheme"
49-->src/main/AndroidManifest.xml:18:15-70
50                android:resource="@style/NormalTheme" />
50-->src/main/AndroidManifest.xml:19:15-52
51            <!--
52                 Displays an Android View that continues showing the launch screen
53                 Drawable until Flutter paints its first frame, then this splash
54                 screen fades out. A splash screen is useful to avoid any visual
55                 gap between the end of Android's launch screen and the painting of
56                 Flutter's first frame.
57            -->
58            <meta-data
58-->src/main/AndroidManifest.xml:26:13-29:17
59                android:name="io.flutter.embedding.android.SplashScreenDrawable"
59-->src/main/AndroidManifest.xml:27:15-79
60                android:resource="@drawable/launch_background" />
60-->src/main/AndroidManifest.xml:28:15-61
61
62            <intent-filter>
62-->src/main/AndroidManifest.xml:30:13-33:29
63                <action android:name="android.intent.action.MAIN" />
63-->src/main/AndroidManifest.xml:31:17-68
63-->src/main/AndroidManifest.xml:31:25-66
64
65                <category android:name="android.intent.category.LAUNCHER" />
65-->src/main/AndroidManifest.xml:32:17-76
65-->src/main/AndroidManifest.xml:32:27-74
66            </intent-filter>
67        </activity>
68        <!--
69             Don't delete the meta-data below.
70             This is used by the Flutter tool to generate GeneratedPluginRegistrant.java
71        -->
72        <meta-data
72-->src/main/AndroidManifest.xml:37:9-39:33
73            android:name="flutterEmbedding"
73-->src/main/AndroidManifest.xml:38:13-44
74            android:value="2" />
74-->src/main/AndroidManifest.xml:39:13-30
75        <meta-data
75-->src/main/AndroidManifest.xml:40:9-42:71
76            android:name="com.google.android.geo.API_KEY"
76-->src/main/AndroidManifest.xml:41:13-58
77            android:value="AIzaSyCDl8B7r5F2h45mb4NG3pSZti3HqYSDPX4" />
77-->src/main/AndroidManifest.xml:42:13-68
78
79        <provider
79-->[:image_picker] AndroidManifest.xml:8:9-16:20
80            android:name="io.flutter.plugins.imagepicker.ImagePickerFileProvider"
80-->[:image_picker] AndroidManifest.xml:9:13-82
81            android:authorities="com.example.borreauxapp.flutter.image_provider"
81-->[:image_picker] AndroidManifest.xml:10:13-74
82            android:exported="false"
82-->[:image_picker] AndroidManifest.xml:11:13-37
83            android:grantUriPermissions="true" >
83-->[:image_picker] AndroidManifest.xml:12:13-47
84            <meta-data
84-->[:image_picker] AndroidManifest.xml:13:13-15:75
85                android:name="android.support.FILE_PROVIDER_PATHS"
85-->[:image_picker] AndroidManifest.xml:14:17-67
86                android:resource="@xml/flutter_image_picker_file_paths" />
86-->[:image_picker] AndroidManifest.xml:15:17-72
87        </provider>
88
89        <activity android:name="com.amolg.flutterbarcodescanner.BarcodeCaptureActivity" />
89-->[:flutter_barcode_scanner] AndroidManifest.xml:18:9-91
89-->[:flutter_barcode_scanner] AndroidManifest.xml:18:19-88
90        <activity
90-->[:url_launcher_android] AndroidManifest.xml:8:9-11:74
91            android:name="io.flutter.plugins.urllauncher.WebViewActivity"
91-->[:url_launcher_android] AndroidManifest.xml:9:13-74
92            android:exported="false"
92-->[:url_launcher_android] AndroidManifest.xml:10:13-37
93            android:theme="@android:style/Theme.NoTitleBar.Fullscreen" /> <!-- Needs to be explicitly declared on P+ -->
93-->[:url_launcher_android] AndroidManifest.xml:11:13-71
94        <uses-library
94-->[com.google.android.gms:play-services-maps:17.0.0] AndroidManifest.xml:33:9-35:40
95            android:name="org.apache.http.legacy"
95-->[com.google.android.gms:play-services-maps:17.0.0] AndroidManifest.xml:34:13-50
96            android:required="false" />
96-->[com.google.android.gms:play-services-maps:17.0.0] AndroidManifest.xml:35:13-37
97
98        <activity
98-->[com.google.android.gms:play-services-base:17.4.0] AndroidManifest.xml:23:9-26:75
99            android:name="com.google.android.gms.common.api.GoogleApiActivity"
99-->[com.google.android.gms:play-services-base:17.4.0] AndroidManifest.xml:24:13-79
100            android:exported="false"
100-->[com.google.android.gms:play-services-base:17.4.0] AndroidManifest.xml:25:13-37
101            android:theme="@android:style/Theme.Translucent.NoTitleBar" />
101-->[com.google.android.gms:play-services-base:17.4.0] AndroidManifest.xml:26:13-72
102
103        <meta-data
103-->[com.google.android.gms:play-services-basement:17.4.0] AndroidManifest.xml:23:9-25:69
104            android:name="com.google.android.gms.version"
104-->[com.google.android.gms:play-services-basement:17.4.0] AndroidManifest.xml:24:13-58
105            android:value="@integer/google_play_services_version" />
105-->[com.google.android.gms:play-services-basement:17.4.0] AndroidManifest.xml:25:13-66
106    </application>
107
108</manifest>